<?xml version="1.0" encoding="UTF-8"?>
<testsuite name="com.kenzie.app.MainTest" tests="1" skipped="0" failures="0" errors="0" timestamp="2022-06-25T04:58:44" hostname="DESKTOP-H7K0D1Q" time="0.012">
  <properties/>
  <testcase name="test_using_scanner()" classname="com.kenzie.app.MainTest" time="0.012"/>
  <system-out><![CDATA[]]></system-out>
  <system-err><![CDATA[]]></system-err>
</testsuite>
